<?xml version="1.0" encoding="UTF-8"?>
<!-- Generated by org.testng.reporters.JUnitReportReporter -->
<testsuite hostname="DESKTOP-GPLV3J8" failures="0" tests="6" name="api.test.DDtest" time="9.907" errors="0" timestamp="2023-03-21T13:53:17 GMT-07:00" skipped="0">
  <testcase classname="api.test.DDtest" name="testcreate_user" time="1.668"/>
  <system-out/>
  <testcase classname="api.test.DDtest" name="testcreate_user" time="1.626"/>
  <system-out/>
  <testcase classname="api.test.DDtest" name="testcreate_user" time="1.651"/>
  <system-out/>
  <testcase classname="api.test.DDtest" name="testdelete_user" time="1.703"/>
  <system-out/>
  <testcase classname="api.test.DDtest" name="testdelete_user" time="1.641"/>
  <system-out/>
  <testcase classname="api.test.DDtest" name="testdelete_user" time="1.618"/>
  <system-out/>
</testsuite> <!-- api.test.DDtest -->
