<?xml version="1.0" encoding="UTF-8"?>
<!-- Generated by org.testng.reporters.JUnitReportReporter -->
<testsuite hostname="DESKTOP-GPLV3J8" failures="0" tests="4" name="api.test.userTest" time="16.286" errors="0" timestamp="2023-03-22T03:12:19 GMT-07:00" skipped="0">
  <testcase classname="api.test.userTest" name="test_cerateuser" time="8.360"/>
  <system-out/>
  <testcase classname="api.test.userTest" name="test_readuser" time="1.994"/>
  <system-out/>
  <testcase classname="api.test.userTest" name="test_updateuser" time="3.990"/>
  <system-out/>
  <testcase classname="api.test.userTest" name="delete_readuser" time="1.942"/>
  <system-out/>
</testsuite> <!-- api.test.userTest -->
