<?xml version="1.0" encoding="UTF-8"?>
<!-- Generated by org.testng.reporters.JUnitReportReporter -->
<testsuite hostname="DESKTOP-GPLV3J8" failures="0" tests="6" name="api.test.DDtest" time="11.903" errors="0" timestamp="2023-03-22T03:44:03 GMT-07:00" skipped="0">
  <testcase classname="api.test.DDtest" name="testcreate_user" time="1.944"/>
  <system-out/>
  <testcase classname="api.test.DDtest" name="testcreate_user" time="2.252"/>
  <system-out/>
  <testcase classname="api.test.DDtest" name="testcreate_user" time="1.809"/>
  <system-out/>
  <testcase classname="api.test.DDtest" name="testdelete_user" time="1.907"/>
  <system-out/>
  <testcase classname="api.test.DDtest" name="testdelete_user" time="2.047"/>
  <system-out/>
  <testcase classname="api.test.DDtest" name="testdelete_user" time="1.944"/>
  <system-out/>
</testsuite> <!-- api.test.DDtest -->
